<?xml version="1.0" encoding="UTF-8"?>
<!-- Generated by org.testng.reporters.JUnitReportReporter -->
<testsuite skipped="0" hostname="arupemuk" name="com.training.sanity.tests.TeacherTestCreationELTC_032_Assertion_Test" tests="1" failures="1" timestamp="01 Mar 2019 18:13:49 GMT" time="0.287" errors="0">
  <testcase name="validAssertion" time="0.287" classname="com.training.sanity.tests.TeacherTestCreationELTC_032_Assertion_Test">
    <failure type="java.lang.AssertionError" message="expected [Item added] but found [English
 Български
Ελληνικά
Bahasa Indonesia
Bosanski
Deutsch
English
Español
Euskara
Français
Galego
Italiano
Latviešu
Magyar
Nederlands
Polski
Português do Brasil
Português europeu
Slovenčina
Slovenščina
Tagalog
Login
Sign up!
I lost my password
Most popular courses
PROJECTS
felenium7
1
2
3
4
5
0 Votes | 252 Visits | Your vote [?]
Malar Thangavelu
Trainer
PROJECTS
Selenium
1
2
3
4
5
0 Votes | 157 Visits | Your vote [?]
Sathya K
Trainer
PROJECTS
Selenium255
1
2
3
4
5
0 Votes | 103 Visits | Your vote [?]
Sourik Mukherjee
Trainer
SeleniumCourseSatya
1
2
3
4
5
0 Votes | 116 Visits | Your vote [?]
satyaTec6 kumariTec6
Trainer
Selenium_Basics
1
2
3
4
5
0 Votes | 91 Visits | Your vote [?]
Deepatec1 teacher
Trainer
1er
1
2
3
4
5
0 Votes | 86 Visits | Your vote [?]
Site Owner
Trainer]">
      <![CDATA[java.lang.AssertionError: expected [Item added] but found [English
 Български
Ελληνικά
Bahasa Indonesia
Bosanski
Deutsch
English
Español
Euskara
Français
Galego
Italiano
Latviešu
Magyar
Nederlands
Polski
Português do Brasil
Português europeu
Slovenčina
Slovenščina
Tagalog
Login
Sign up!
I lost my password
Most popular courses
PROJECTS
felenium7
1
2
3
4
5
0 Votes | 252 Visits | Your vote [?]
Malar Thangavelu
Trainer
PROJECTS
Selenium
1
2
3
4
5
0 Votes | 157 Visits | Your vote [?]
Sathya K
Trainer
PROJECTS
Selenium255
1
2
3
4
5
0 Votes | 103 Visits | Your vote [?]
Sourik Mukherjee
Trainer
SeleniumCourseSatya
1
2
3
4
5
0 Votes | 116 Visits | Your vote [?]
satyaTec6 kumariTec6
Trainer
Selenium_Basics
1
2
3
4
5
0 Votes | 91 Visits | Your vote [?]
Deepatec1 teacher
Trainer
1er
1
2
3
4
5
0 Votes | 86 Visits | Your vote [?]
Site Owner
Trainer]
	at org.testng.Assert.fail(Assert.java:93)
	at org.testng.Assert.failNotEquals(Assert.java:512)
	at org.testng.Assert.assertEqualsImpl(Assert.java:134)
	at org.testng.Assert.assertEquals(Assert.java:115)
	at org.testng.Assert.assertEquals(Assert.java:189)
	at org.testng.Assert.assertEquals(Assert.java:199)
	at com.training.pom.TeacherTestCreationELTC_032_Assertion.ClickAssetionItemAdd(TeacherTestCreationELTC_032_Assertion.java:31)
	at com.training.sanity.tests.TeacherTestCreationELTC_032_Assertion_Test.validAssertion(TeacherTestCreationELTC_032_Assertion_Test.java:64)
	at sun.reflect.NativeMethodAccessorImpl.invoke0(Native Method)
	at sun.reflect.NativeMethodAccessorImpl.invoke(NativeMethodAccessorImpl.java:62)
	at sun.reflect.DelegatingMethodAccessorImpl.invoke(DelegatingMethodAccessorImpl.java:43)
	at java.lang.reflect.Method.invoke(Method.java:498)
	at org.testng.internal.MethodInvocationHelper.invokeMethod(MethodInvocationHelper.java:108)
	at org.testng.internal.Invoker.invokeMethod(Invoker.java:661)
	at org.testng.internal.Invoker.invokeTestMethod(Invoker.java:869)
	at org.testng.internal.Invoker.invokeTestMethods(Invoker.java:1193)
	at org.testng.internal.TestMethodWorker.invokeTestMethods(TestMethodWorker.java:126)
	at org.testng.internal.TestMethodWorker.run(TestMethodWorker.java:109)
	at org.testng.TestRunner.privateRun(TestRunner.java:744)
	at org.testng.TestRunner.run(TestRunner.java:602)
	at org.testng.SuiteRunner.runTest(SuiteRunner.java:380)
	at org.testng.SuiteRunner.runSequentially(SuiteRunner.java:375)
	at org.testng.SuiteRunner.privateRun(SuiteRunner.java:340)
	at org.testng.SuiteRunner.run(SuiteRunner.java:289)
	at org.testng.SuiteRunnerWorker.runSuite(SuiteRunnerWorker.java:52)
	at org.testng.SuiteRunnerWorker.run(SuiteRunnerWorker.java:86)
	at org.testng.TestNG.runSuitesSequentially(TestNG.java:1301)
	at org.testng.TestNG.runSuitesLocally(TestNG.java:1226)
	at org.testng.TestNG.runSuites(TestNG.java:1144)
	at org.testng.TestNG.run(TestNG.java:1115)
	at org.testng.remote.AbstractRemoteTestNG.run(AbstractRemoteTestNG.java:114)
	at org.testng.remote.RemoteTestNG.initAndRun(RemoteTestNG.java:251)
	at org.testng.remote.RemoteTestNG.main(RemoteTestNG.java:77)
]]>
    </failure>
  </testcase> <!-- validAssertion -->
</testsuite> <!-- com.training.sanity.tests.TeacherTestCreationELTC_032_Assertion_Test -->
